<?xml version="1.0" encoding="UTF-8"?>
<testsuite xmlns:xsi="http://www.w3.org/2001/XMLSchema-instance" xsi:noNamespaceSchemaLocation="https://maven.apache.org/surefire/maven-failsafe-plugin/xsd/failsafe-test-report-3.0.xsd" version="3.0" name="com.mycompany.baches.resources.ObjetoEstadoResourceIT" time="5.364" tests="4" errors="0" skipped="0" failures="0">
  <properties>
[...]
</properties>
  <testcase name="testFindAll" classname="com.mycompany.baches.resources.ObjetoEstadoResourceIT" time="0.204">
    <system-out><![CDATA[3112e93d-7116-48db-a2c7-64ebccbbaf64.war:
/WEB-INF/
/WEB-INF/classes/
/WEB-INF/classes/com/
/WEB-INF/classes/com/mycompany/
/WEB-INF/classes/com/mycompany/baches/
/WEB-INF/classes/com/mycompany/baches/entity/
/WEB-INF/classes/com/mycompany/baches/entity/resources/
/WEB-INF/classes/com/mycompany/baches/entity/resources/ObjetoEstado.class
/WEB-INF/classes/com/mycompany/baches/entity/resources/TipoObjeto.class
/WEB-INF/classes/com/mycompany/baches/entity/resources/Objeto.class
/WEB-INF/classes/com/mycompany/baches/entity/resources/Estado.class
/WEB-INF/classes/com/mycompany/baches/entity/resources/Ruta.class
/WEB-INF/classes/com/mycompany/baches/control/
/WEB-INF/classes/com/mycompany/baches/control/AbstractDataAcces.class
/WEB-INF/classes/com/mycompany/baches/control/ObjetoEstadoBean.class
/WEB-INF/classes/com/mycompany/baches/configuration/
/WEB-INF/classes/com/mycompany/baches/configuration/JakartaRestConfiguration.class
/WEB-INF/classes/com/mycompany/baches/configuration/ObjetoEstadoResource.class
/WEB-INF/classes/persistence-arquillian.xml
/WEB-INF/classes/META-INF/
/WEB-INF/classes/META-INF/persistence.xml
/WEB-INF/classes/META-INF/sql/
/WEB-INF/classes/META-INF/sql/datos.sql
/WEB-INF/beans.xml
2022-06-02 11:17:39 jdbc[3]: 
/**/conn0.getClientInfo();
2022-06-02 11:17:39 jdbc[3]: 
/**/DatabaseMetaData dbMeta11 = conn0.getMetaData();
2022-06-02 11:17:39 jdbc[3]: 
/**/dbMeta11.getDatabaseProductName();
2022-06-02 11:17:39 jdbc[3]: 
/**/dbMeta11.getDatabaseProductVersion();
2022-06-02 11:17:39 jdbc[3]: 
/**/dbMeta11.getDatabaseMajorVersion();
2022-06-02 11:17:39 jdbc[3]: 
/**/DatabaseMetaData dbMeta12 = conn0.getMetaData();
2022-06-02 11:17:39 jdbc[3]: 
/**/dbMeta12.getDriverName();
2022-06-02 11:17:39 jdbc[3]: 
/**/conn0.setClientInfo(properties);
2022-06-02 11:17:39 jdbc[3]: 
/**/conn0.getClientInfo();
2022-06-02 11:17:39 jdbc[3]: 
/**/conn0.setClientInfo(properties);
2022-06-02 11:17:39 jdbc[3]: 
/**/conn0.getClientInfo();
2022-06-02 11:17:39 jdbc[3]: 
/**/conn0.setClientInfo(properties);
2022-06-02 11:17:39 jdbc[3]: 
/**/conn0.getClientInfo();
2022-06-02 11:17:39 jdbc[3]: 
/**/PreparedStatement prep194 = conn0.prepareStatement("SELECT 1 FROM public.estado", 1003, 1007);
2022-06-02 11:17:39 jdbc[3]: Plan       : calculate cost for plan [PUBLIC.ESTADO]
2022-06-02 11:17:39 jdbc[3]: Plan       :   for table filter PUBLIC.ESTADO
2022-06-02 11:17:39 jdbc[3]: Table      :     potential plan item cost 10,360 index PUBLIC.ESTADO.tableScan
2022-06-02 11:17:39 jdbc[3]: Table      :     potential plan item cost 10,370 index PUBLIC.PRIMARY_KEY_7
2022-06-02 11:17:39 jdbc[3]: Plan       :   best plan item cost 10,360 index PUBLIC.ESTADO.tableScan
2022-06-02 11:17:39 jdbc[3]: Plan       : plan cost 10,361
2022-06-02 11:17:39 jdbc[3]: 
/**/prep194.setMaxRows(1);
2022-06-02 11:17:39 jdbc[3]: 
/**/ResultSet rs86 = prep194.executeQuery();
2022-06-02 11:17:39 jdbc[3]: 
/*SQL #:1*/SELECT 1 FROM public.estado;
2022-06-02 11:17:39 jdbc[3]: 
/**/ResultSetMetaData rsMeta108 = rs86.getMetaData();
2022-06-02 11:17:39 jdbc[3]: 
/**/conn0.getCatalog();
2022-06-02 11:17:39 jdbc[3]: 
/**/rsMeta108.getColumnCount();
2022-06-02 11:17:39 jdbc[3]: 
/**/rsMeta108.getColumnCount();
2022-06-02 11:17:39 jdbc[3]: 
/**/rsMeta108.getColumnLabel(1);
2022-06-02 11:17:39 jdbc[3]: 
/**/rsMeta108.getColumnCount();
2022-06-02 11:17:39 jdbc[3]: 
/**/ResultSetMetaData rsMeta109 = rs86.getMetaData();
2022-06-02 11:17:39 jdbc[3]: 
/**/conn0.getCatalog();
2022-06-02 11:17:39 jdbc[3]: 
/**/rsMeta109.getColumnCount();
2022-06-02 11:17:39 jdbc[3]: 
/**/rs86.next();
2022-06-02 11:17:39 jdbc[3]: 
/**/rsMeta109.getColumnType(1);
2022-06-02 11:17:39 jdbc[3]: 
/**/rs86.getObject(1);
2022-06-02 11:17:39 jdbc[3]: 
/**/rs86.next();
2022-06-02 11:17:39 jdbc[3]: 
/**/rs86.close();
2022-06-02 11:17:39 jdbc[3]: 
/**/prep194.close();
2022-06-02 11:17:39 jdbc[3]: 
/**/conn0.setClientInfo(properties);
2022-06-02 11:17:39 jdbc[3]: 
/**/conn0.getClientInfo();
2022-06-02 11:17:39 jdbc[3]: 
/**/PreparedStatement prep195 = conn0.prepareStatement("SELECT 1 FROM public.objeto", 1003, 1007);
2022-06-02 11:17:39 jdbc[3]: Plan       : calculate cost for plan [PUBLIC.OBJETO]
2022-06-02 11:17:39 jdbc[3]: Plan       :   for table filter PUBLIC.OBJETO
2022-06-02 11:17:39 jdbc[3]: Table      :     potential plan item cost 10,360 index PUBLIC.OBJETO.tableScan
2022-06-02 11:17:39 jdbc[3]: Table      :     potential plan item cost 10,370 index PUBLIC.PRIMARY_KEY_8
2022-06-02 11:17:39 jdbc[3]: Table      :     potential plan item cost 10,180 index PUBLIC.FK_OBJETO_ID_TIPO_OBJETO_INDEX_8
2022-06-02 11:17:39 jdbc[3]: Plan       :   best plan item cost 10,180 index PUBLIC.FK_OBJETO_ID_TIPO_OBJETO_INDEX_8
2022-06-02 11:17:39 jdbc[3]: Plan       : plan cost 10,181
2022-06-02 11:17:39 jdbc[3]: 
/**/prep195.setMaxRows(1);
2022-06-02 11:17:39 jdbc[3]: 
/**/ResultSet rs87 = prep195.executeQuery();
2022-06-02 11:17:39 jdbc[3]: 
/*SQL #:1*/SELECT 1 FROM public.objeto;
2022-06-02 11:17:39 jdbc[3]: 
/**/ResultSetMetaData rsMeta110 = rs87.getMetaData();
2022-06-02 11:17:39 jdbc[3]: 
/**/conn0.getCatalog();
2022-06-02 11:17:39 jdbc[3]: 
/**/rsMeta110.getColumnCount();
2022-06-02 11:17:39 jdbc[3]: 
/**/rsMeta110.getColumnCount();
2022-06-02 11:17:39 jdbc[3]: 
/**/rsMeta110.getColumnLabel(1);
2022-06-02 11:17:39 jdbc[3]: 
/**/rsMeta110.getColumnCount();
2022-06-02 11:17:39 jdbc[3]: 
/**/ResultSetMetaData rsMeta111 = rs87.getMetaData();
2022-06-02 11:17:39 jdbc[3]: 
/**/conn0.getCatalog();
2022-06-02 11:17:39 jdbc[3]: 
/**/rsMeta111.getColumnCount();
2022-06-02 11:17:39 jdbc[3]: 
/**/rs87.next();
2022-06-02 11:17:39 jdbc[3]: 
/**/rsMeta111.getColumnType(1);
2022-06-02 11:17:39 jdbc[3]: 
/**/rs87.getObject(1);
2022-06-02 11:17:39 jdbc[3]: 
/**/rs87.next();
2022-06-02 11:17:39 jdbc[3]: 
/**/rs87.close();
2022-06-02 11:17:39 jdbc[3]: 
/**/prep195.close();
2022-06-02 11:17:39 jdbc[3]: 
/**/conn0.setClientInfo(properties);
2022-06-02 11:17:39 jdbc[3]: 
/**/conn0.getClientInfo();
2022-06-02 11:17:39 jdbc[3]: 
/**/PreparedStatement prep196 = conn0.prepareStatement("SELECT 1 FROM public.objeto_estado", 1003, 1007);
2022-06-02 11:17:39 jdbc[3]: Plan       : calculate cost for plan [PUBLIC.OBJETO_ESTADO]
2022-06-02 11:17:39 jdbc[3]: Plan       :   for table filter PUBLIC.OBJETO_ESTADO
2022-06-02 11:17:39 jdbc[3]: Table      :     potential plan item cost 10,350 index PUBLIC.OBJETO_ESTADO.tableScan
2022-06-02 11:17:39 jdbc[3]: Table      :     potential plan item cost 10,360 index PUBLIC.PRIMARY_KEY_4
2022-06-02 11:17:39 jdbc[3]: Table      :     potential plan item cost 10,170 index PUBLIC.FK_OBJETO_ESTADO_ID_OBJETO_INDEX_4
2022-06-02 11:17:39 jdbc[3]: Table      :     potential plan item cost 10,170 index PUBLIC.FK_OBJETO_ESTADO_ID_ESTADO_INDEX_4
2022-06-02 11:17:39 jdbc[3]: Plan       :   best plan item cost 10,170 index PUBLIC.FK_OBJETO_ESTADO_ID_OBJETO_INDEX_4
2022-06-02 11:17:39 jdbc[3]: Plan       : plan cost 10,171
2022-06-02 11:17:39 jdbc[3]: 
/**/prep196.setMaxRows(1);
2022-06-02 11:17:39 jdbc[3]: 
/**/ResultSet rs88 = prep196.executeQuery();
2022-06-02 11:17:39 jdbc[3]: 
/*SQL #:1*/SELECT 1 FROM public.objeto_estado;
2022-06-02 11:17:39 jdbc[3]: 
/**/ResultSetMetaData rsMeta112 = rs88.getMetaData();
2022-06-02 11:17:39 jdbc[3]: 
/**/conn0.getCatalog();
2022-06-02 11:17:39 jdbc[3]: 
/**/rsMeta112.getColumnCount();
2022-06-02 11:17:39 jdbc[3]: 
/**/rsMeta112.getColumnCount();
2022-06-02 11:17:39 jdbc[3]: 
/**/rsMeta112.getColumnLabel(1);
2022-06-02 11:17:39 jdbc[3]: 
/**/rsMeta112.getColumnCount();
2022-06-02 11:17:39 jdbc[3]: 
/**/ResultSetMetaData rsMeta113 = rs88.getMetaData();
2022-06-02 11:17:39 jdbc[3]: 
/**/conn0.getCatalog();
2022-06-02 11:17:39 jdbc[3]: 
/**/rsMeta113.getColumnCount();
2022-06-02 11:17:39 jdbc[3]: 
/**/rs88.next();
2022-06-02 11:17:39 jdbc[3]: 
/**/rsMeta113.getColumnType(1);
2022-06-02 11:17:39 jdbc[3]: 
/**/rs88.getObject(1);
2022-06-02 11:17:39 jdbc[3]: 
/**/rs88.next();
2022-06-02 11:17:39 jdbc[3]: 
/**/rs88.close();
2022-06-02 11:17:39 jdbc[3]: 
/**/prep196.close();
2022-06-02 11:17:39 jdbc[3]: 
/**/conn0.setClientInfo(properties);
2022-06-02 11:17:39 jdbc[3]: 
/**/conn0.getClientInfo();
2022-06-02 11:17:39 jdbc[3]: 
/**/PreparedStatement prep197 = conn0.prepareStatement("SELECT 1 FROM public.ruta", 1003, 1007);
2022-06-02 11:17:39 jdbc[3]: Plan       : calculate cost for plan [PUBLIC.RUTA]
2022-06-02 11:17:39 jdbc[3]: Plan       :   for table filter PUBLIC.RUTA
2022-06-02 11:17:39 jdbc[3]: Table      :     potential plan item cost 10,360 index PUBLIC.RUTA.tableScan
2022-06-02 11:17:39 jdbc[3]: Table      :     potential plan item cost 10,370 index PUBLIC.PRIMARY_KEY_2
2022-06-02 11:17:39 jdbc[3]: Plan       :   best plan item cost 10,360 index PUBLIC.RUTA.tableScan
2022-06-02 11:17:39 jdbc[3]: Plan       : plan cost 10,361
2022-06-02 11:17:39 jdbc[3]: 
/**/prep197.setMaxRows(1);
2022-06-02 11:17:39 jdbc[3]: 
/**/ResultSet rs89 = prep197.executeQuery();
2022-06-02 11:17:39 jdbc[3]: 
/*SQL #:1*/SELECT 1 FROM public.ruta;
2022-06-02 11:17:39 jdbc[3]: 
/**/ResultSetMetaData rsMeta114 = rs89.getMetaData();
2022-06-02 11:17:39 jdbc[3]: 
/**/conn0.getCatalog();
2022-06-02 11:17:39 jdbc[3]: 
/**/rsMeta114.getColumnCount();
2022-06-02 11:17:39 jdbc[3]: 
/**/rsMeta114.getColumnCount();
2022-06-02 11:17:39 jdbc[3]: 
/**/rsMeta114.getColumnLabel(1);
2022-06-02 11:17:39 jdbc[3]: 
/**/rsMeta114.getColumnCount();
2022-06-02 11:17:39 jdbc[3]: 
/**/ResultSetMetaData rsMeta115 = rs89.getMetaData();
2022-06-02 11:17:39 jdbc[3]: 
/**/conn0.getCatalog();
2022-06-02 11:17:39 jdbc[3]: 
/**/rsMeta115.getColumnCount();
2022-06-02 11:17:39 jdbc[3]: 
/**/rs89.next();
2022-06-02 11:17:39 jdbc[3]: 
/**/rsMeta115.getColumnType(1);
2022-06-02 11:17:39 jdbc[3]: 
/**/rs89.getObject(1);
2022-06-02 11:17:39 jdbc[3]: 
/**/rs89.next();
2022-06-02 11:17:39 jdbc[3]: 
/**/rs89.close();
2022-06-02 11:17:39 jdbc[3]: 
/**/prep197.close();
2022-06-02 11:17:39 jdbc[3]: 
/**/conn0.setClientInfo(properties);
2022-06-02 11:17:39 jdbc[3]: 
/**/conn0.getClientInfo();
2022-06-02 11:17:39 jdbc[3]: 
/**/PreparedStatement prep198 = conn0.prepareStatement("SELECT 1 FROM public.tipo_objeto", 1003, 1007);
2022-06-02 11:17:39 jdbc[3]: Plan       : calculate cost for plan [PUBLIC.TIPO_OBJETO]
2022-06-02 11:17:39 jdbc[3]: Plan       :   for table filter PUBLIC.TIPO_OBJETO
2022-06-02 11:17:39 jdbc[3]: Table      :     potential plan item cost 10,400 index PUBLIC.TIPO_OBJETO.tableScan
2022-06-02 11:17:39 jdbc[3]: Table      :     potential plan item cost 10,410 index PUBLIC.PRIMARY_KEY_1
2022-06-02 11:17:39 jdbc[3]: Plan       :   best plan item cost 10,400 index PUBLIC.TIPO_OBJETO.tableScan
2022-06-02 11:17:39 jdbc[3]: Plan       : plan cost 10,401
2022-06-02 11:17:39 jdbc[3]: 
/**/prep198.setMaxRows(1);
2022-06-02 11:17:39 jdbc[3]: 
/**/ResultSet rs90 = prep198.executeQuery();
2022-06-02 11:17:39 jdbc[3]: 
/*SQL #:1*/SELECT 1 FROM public.tipo_objeto;
2022-06-02 11:17:39 jdbc[3]: 
/**/ResultSetMetaData rsMeta116 = rs90.getMetaData();
2022-06-02 11:17:39 jdbc[3]: 
/**/conn0.getCatalog();
2022-06-02 11:17:39 jdbc[3]: 
/**/rsMeta116.getColumnCount();
2022-06-02 11:17:39 jdbc[3]: 
/**/rsMeta116.getColumnCount();
2022-06-02 11:17:39 jdbc[3]: 
/**/rsMeta116.getColumnLabel(1);
2022-06-02 11:17:39 jdbc[3]: 
/**/rsMeta116.getColumnCount();
2022-06-02 11:17:39 jdbc[3]: 
/**/ResultSetMetaData rsMeta117 = rs90.getMetaData();
2022-06-02 11:17:39 jdbc[3]: 
/**/conn0.getCatalog();
2022-06-02 11:17:39 jdbc[3]: 
/**/rsMeta117.getColumnCount();
2022-06-02 11:17:39 jdbc[3]: 
/**/rs90.next();
2022-06-02 11:17:39 jdbc[3]: 
/**/rsMeta117.getColumnType(1);
2022-06-02 11:17:39 jdbc[3]: 
/**/rs90.getObject(1);
2022-06-02 11:17:39 jdbc[3]: 
/**/rs90.next();
2022-06-02 11:17:39 jdbc[3]: 
/**/rs90.close();
2022-06-02 11:17:39 jdbc[3]: 
/**/prep198.close();
2022-06-02 11:17:39 jdbc[3]: 
/**/conn0.setClientInfo(properties);
2022-06-02 11:17:39 jdbc[3]: 
/**/conn0.getClientInfo();
2022-06-02 11:17:39 jdbc[3]: 
/**/PreparedStatement prep199 = conn0.prepareStatement("INSERT INTO tipo_objeto (activo, fecha_creacion) VALUES (false,'2022-3-01');", 1003, 1007);
2022-06-02 11:17:39 jdbc[3]: 
/**/prep199.executeUpdate();
2022-06-02 11:17:39 lock: 3 shared read lock requesting for TIPO_OBJETO 
2022-06-02 11:17:39 lock: 3 shared read lock ok TIPO_OBJETO 
2022-06-02 11:17:39 jdbc[3]: 
/*SQL #:1 t:1*/INSERT INTO tipo_objeto (activo, fecha_creacion) VALUES (false,'2022-3-01');
2022-06-02 11:17:39 lock: 3 shared read lock unlock TIPO_OBJETO 
2022-06-02 11:17:39 jdbc[3]: 
/**/prep199.close();
2022-06-02 11:17:39 jdbc[3]: 
/**/conn0.setClientInfo(properties);
2022-06-02 11:17:39 jdbc[3]: 
/**/conn0.getClientInfo();
2022-06-02 11:17:39 jdbc[3]: 
/**/PreparedStatement prep200 = conn0.prepareStatement("INSERT INTO tipo_objeto (activo, fecha_creacion) VALUES (true,'2022-3-02');", 1003, 1007);
2022-06-02 11:17:39 jdbc[3]: 
/**/prep200.executeUpdate();
2022-06-02 11:17:39 lock: 3 shared read lock requesting for TIPO_OBJETO 
2022-06-02 11:17:39 lock: 3 shared read lock ok TIPO_OBJETO 
2022-06-02 11:17:39 jdbc[3]: 
/*SQL #:1*/INSERT INTO tipo_objeto (activo, fecha_creacion) VALUES (true,'2022-3-02');
2022-06-02 11:17:39 lock: 3 shared read lock unlock TIPO_OBJETO 
2022-06-02 11:17:39 jdbc[3]: 
/**/prep200.close();
2022-06-02 11:17:39 jdbc[3]: 
/**/conn0.setClientInfo(properties);
2022-06-02 11:17:39 jdbc[3]: 
/**/conn0.getClientInfo();
2022-06-02 11:17:39 jdbc[3]: 
/**/PreparedStatement prep201 = conn0.prepareStatement("INSERT INTO tipo_objeto (activo, fecha_creacion) VALUES (true,'2022-3-03');", 1003, 1007);
2022-06-02 11:17:39 jdbc[3]: 
/**/prep201.executeUpdate();
2022-06-02 11:17:39 lock: 3 shared read lock requesting for TIPO_OBJETO 
2022-06-02 11:17:39 lock: 3 shared read lock ok TIPO_OBJETO 
2022-06-02 11:17:39 jdbc[3]: 
/*SQL #:1*/INSERT INTO tipo_objeto (activo, fecha_creacion) VALUES (true,'2022-3-03');
2022-06-02 11:17:39 lock: 3 shared read lock unlock TIPO_OBJETO 
2022-06-02 11:17:39 jdbc[3]: 
/**/prep201.close();
2022-06-02 11:17:39 jdbc[3]: 
/**/conn0.setClientInfo(properties);
2022-06-02 11:17:39 jdbc[3]: 
/**/conn0.getClientInfo();
2022-06-02 11:17:39 jdbc[3]: 
/**/PreparedStatement prep202 = conn0.prepareStatement("INSERT INTO tipo_objeto (activo, fecha_creacion) VALUES (true,'2022-3-03');", 1003, 1007);
2022-06-02 11:17:39 jdbc[3]: 
/**/prep202.executeUpdate();
2022-06-02 11:17:39 lock: 3 shared read lock requesting for TIPO_OBJETO 
2022-06-02 11:17:39 lock: 3 shared read lock ok TIPO_OBJETO 
2022-06-02 11:17:39 jdbc[3]: 
/*SQL #:1*/INSERT INTO tipo_objeto (activo, fecha_creacion) VALUES (true,'2022-3-03');
2022-06-02 11:17:39 lock: 3 shared read lock unlock TIPO_OBJETO 
2022-06-02 11:17:39 jdbc[3]: 
/**/prep202.close();
2022-06-02 11:17:39 jdbc[3]: 
/**/conn0.setClientInfo(properties);
2022-06-02 11:17:39 jdbc[3]: 
/**/conn0.getClientInfo();
2022-06-02 11:17:39 jdbc[3]: 
/**/PreparedStatement prep203 = conn0.prepareStatement("INSERT INTO objeto (longitud, latitud,nombre) VALUES('1.3845285035','5.3456798788','Insertado desde datos.sql');", 1003, 1007);
2022-06-02 11:17:39 jdbc[3]: 
/**/prep203.executeUpdate();
2022-06-02 11:17:39 lock: 3 shared read lock requesting for OBJETO 
2022-06-02 11:17:39 lock: 3 shared read lock ok OBJETO 
2022-06-02 11:17:39 jdbc[3]: 
/*SQL #:1*/INSERT INTO objeto (longitud, latitud,nombre) VALUES('1.3845285035','5.3456798788','Insertado desde datos.sql');
2022-06-02 11:17:39 lock: 3 shared read lock unlock OBJETO 
2022-06-02 11:17:39 jdbc[3]: 
/**/prep203.close();
2022-06-02 11:17:39 jdbc[3]: 
/**/conn0.setClientInfo(properties);
2022-06-02 11:17:39 jdbc[3]: 
/**/conn0.getClientInfo();
2022-06-02 11:17:39 jdbc[3]: 
/**/PreparedStatement prep204 = conn0.prepareStatement("INSERT INTO objeto (longitud, latitud,nombre) VALUES('2.5392273491','3.5559444444','Insertado desde datos.sql');", 1003, 1007);
2022-06-02 11:17:39 jdbc[3]: 
/**/prep204.executeUpdate();
2022-06-02 11:17:39 lock: 3 shared read lock requesting for OBJETO 
2022-06-02 11:17:39 lock: 3 shared read lock ok OBJETO 
2022-06-02 11:17:39 jdbc[3]: 
/*SQL #:1*/INSERT INTO objeto (longitud, latitud,nombre) VALUES('2.5392273491','3.5559444444','Insertado desde datos.sql');
2022-06-02 11:17:39 lock: 3 shared read lock unlock OBJETO 
2022-06-02 11:17:39 jdbc[3]: 
/**/prep204.close();
2022-06-02 11:17:39 jdbc[3]: 
/**/conn0.setClientInfo(properties);
2022-06-02 11:17:39 jdbc[3]: 
/**/conn0.getClientInfo();
2022-06-02 11:17:39 jdbc[3]: 
/**/PreparedStatement prep205 = conn0.prepareStatement("INSERT INTO objeto (longitud, latitud,nombre) VALUES('3.1234987654','1.0873023588','Insertado desde datos.sql');", 1003, 1007);
2022-06-02 11:17:39 jdbc[3]: 
/**/prep205.executeUpdate();
2022-06-02 11:17:39 lock: 3 shared read lock requesting for OBJETO 
2022-06-02 11:17:39 lock: 3 shared read lock ok OBJETO 
2022-06-02 11:17:39 jdbc[3]: 
/*SQL #:1*/INSERT INTO objeto (longitud, latitud,nombre) VALUES('3.1234987654','1.0873023588','Insertado desde datos.sql');
2022-06-02 11:17:39 lock: 3 shared read lock unlock OBJETO 
2022-06-02 11:17:39 jdbc[3]: 
/**/prep205.close();
2022-06-02 11:17:39 jdbc[3]: 
/**/conn0.setClientInfo(properties);
2022-06-02 11:17:39 jdbc[3]: 
/**/conn0.getClientInfo();
2022-06-02 11:17:39 jdbc[3]: 
/**/PreparedStatement prep206 = conn0.prepareStatement("INSERT INTO objeto_estado(actual,fecha_alcanzado) VALUES(true,'2022-05-02');", 1003, 1007);
2022-06-02 11:17:39 jdbc[3]: 
/**/prep206.executeUpdate();
2022-06-02 11:17:39 lock: 3 shared read lock requesting for OBJETO_ESTADO 
2022-06-02 11:17:39 lock: 3 shared read lock ok OBJETO_ESTADO 
2022-06-02 11:17:39 jdbc[3]: 
/*SQL #:1*/INSERT INTO objeto_estado(actual,fecha_alcanzado) VALUES(true,'2022-05-02');
2022-06-02 11:17:39 lock: 3 shared read lock unlock OBJETO_ESTADO 
2022-06-02 11:17:39 jdbc[3]: 
/**/prep206.close();
2022-06-02 11:17:39 jdbc[3]: 
/**/conn0.setClientInfo(properties);
2022-06-02 11:17:39 jdbc[3]: 
/**/conn0.getClientInfo();
2022-06-02 11:17:39 jdbc[3]: 
/**/PreparedStatement prep207 = conn0.prepareStatement("INSERT INTO objeto_estado(actual,fecha_alcanzado) VALUES(false,'2022-05-02');", 1003, 1007);
2022-06-02 11:17:39 jdbc[3]: 
/**/prep207.executeUpdate();
2022-06-02 11:17:39 lock: 3 shared read lock requesting for OBJETO_ESTADO 
2022-06-02 11:17:39 lock: 3 shared read lock ok OBJETO_ESTADO 
2022-06-02 11:17:39 jdbc[3]: 
/*SQL #:1*/INSERT INTO objeto_estado(actual,fecha_alcanzado) VALUES(false,'2022-05-02');
2022-06-02 11:17:39 lock: 3 shared read lock unlock OBJETO_ESTADO 
2022-06-02 11:17:39 jdbc[3]: 
/**/prep207.close();
2022-06-02 11:17:39 jdbc[3]: 
/**/conn0.setClientInfo(properties);
2022-06-02 11:17:39 jdbc[3]: 
/**/conn0.getClientInfo();
2022-06-02 11:17:39 jdbc[3]: 
/**/PreparedStatement prep208 = conn0.prepareStatement("INSERT INTO objeto_estado(actual,fecha_alcanzado) VALUES(true,'2022-05-02');", 1003, 1007);
2022-06-02 11:17:39 jdbc[3]: 
/**/prep208.executeUpdate();
2022-06-02 11:17:39 lock: 3 shared read lock requesting for OBJETO_ESTADO 
2022-06-02 11:17:39 lock: 3 shared read lock ok OBJETO_ESTADO 
2022-06-02 11:17:39 jdbc[3]: 
/*SQL #:1*/INSERT INTO objeto_estado(actual,fecha_alcanzado) VALUES(true,'2022-05-02');
2022-06-02 11:17:39 lock: 3 shared read lock unlock OBJETO_ESTADO 
2022-06-02 11:17:39 jdbc[3]: 
/**/prep208.close();
2022-06-02 11:17:39 jdbc[3]: 
/**/conn0.setClientInfo(properties);
2022-06-02 11:17:39 jdbc[3]: 
/**/conn0.getClientInfo();
2022-06-02 11:17:39 jdbc[3]: 
/**/PreparedStatement prep209 = conn0.prepareStatement("INSERT INTO ruta(nombre,fecha_creacion) VALUES('Insertado desde datos.sql','2022-05-03');", 1003, 1007);
2022-06-02 11:17:39 jdbc[3]: 
/**/prep209.executeUpdate();
2022-06-02 11:17:39 lock: 3 shared read lock requesting for RUTA 
2022-06-02 11:17:39 lock: 3 shared read lock ok RUTA 
2022-06-02 11:17:39 jdbc[3]: 
/*SQL #:1*/INSERT INTO ruta(nombre,fecha_creacion) VALUES('Insertado desde datos.sql','2022-05-03');
2022-06-02 11:17:39 lock: 3 shared read lock unlock RUTA 
2022-06-02 11:17:39 jdbc[3]: 
/**/prep209.close();
2022-06-02 11:17:39 jdbc[3]: 
/**/conn0.setClientInfo(properties);
2022-06-02 11:17:39 jdbc[3]: 
/**/conn0.getClientInfo();
2022-06-02 11:17:39 jdbc[3]: 
/**/PreparedStatement prep210 = conn0.prepareStatement("INSERT INTO ruta(nombre,fecha_creacion) VALUES('Insertado desde datos.sql','2022-05-03');", 1003, 1007);
2022-06-02 11:17:39 jdbc[3]: 
/**/prep210.executeUpdate();
2022-06-02 11:17:39 lock: 3 shared read lock requesting for RUTA 
2022-06-02 11:17:39 lock: 3 shared read lock ok RUTA 
2022-06-02 11:17:39 jdbc[3]: 
/*SQL #:1*/INSERT INTO ruta(nombre,fecha_creacion) VALUES('Insertado desde datos.sql','2022-05-03');
2022-06-02 11:17:39 lock: 3 shared read lock unlock RUTA 
2022-06-02 11:17:39 jdbc[3]: 
/**/prep210.close();
2022-06-02 11:17:39 jdbc[3]: 
/**/conn0.setClientInfo(properties);
2022-06-02 11:17:39 jdbc[3]: 
/**/conn0.getClientInfo();
2022-06-02 11:17:39 jdbc[3]: 
/**/PreparedStatement prep211 = conn0.prepareStatement("INSERT INTO ruta(nombre,fecha_creacion) VALUES('Insertado desde datos.sql','2022-05-03');", 1003, 1007);
2022-06-02 11:17:39 jdbc[3]: 
/**/prep211.executeUpdate();
2022-06-02 11:17:39 lock: 3 shared read lock requesting for RUTA 
2022-06-02 11:17:39 lock: 3 shared read lock ok RUTA 
2022-06-02 11:17:39 jdbc[3]: 
/*SQL #:1*/INSERT INTO ruta(nombre,fecha_creacion) VALUES('Insertado desde datos.sql','2022-05-03');
2022-06-02 11:17:39 lock: 3 shared read lock unlock RUTA 
2022-06-02 11:17:39 jdbc[3]: 
/**/prep211.close();
2022-06-02 11:17:39 jdbc[3]: 
/**/conn0.setClientInfo(properties);
2022-06-02 11:17:39 jdbc[3]: 
/**/conn0.getClientInfo();
2022-06-02 11:17:39 jdbc[3]: 
/**/PreparedStatement prep212 = conn0.prepareStatement("INSERT INTO estado (nombre, fecha_creacion) VALUES('Insertado desde datos.sql','2022-05-01');", 1003, 1007);
2022-06-02 11:17:39 jdbc[3]: 
/**/prep212.executeUpdate();
2022-06-02 11:17:39 lock: 3 shared read lock requesting for ESTADO 
2022-06-02 11:17:39 lock: 3 shared read lock ok ESTADO 
2022-06-02 11:17:39 jdbc[3]: 
/*SQL #:1*/INSERT INTO estado (nombre, fecha_creacion) VALUES('Insertado desde datos.sql','2022-05-01');
2022-06-02 11:17:39 lock: 3 shared read lock unlock ESTADO 
2022-06-02 11:17:39 jdbc[3]: 
/**/prep212.close();
2022-06-02 11:17:39 jdbc[3]: 
/**/conn0.setClientInfo(properties);
2022-06-02 11:17:39 jdbc[3]: 
/**/conn0.getClientInfo();
2022-06-02 11:17:39 jdbc[3]: 
/**/PreparedStatement prep213 = conn0.prepareStatement("INSERT INTO estado (nombre, fecha_creacion) VALUES('Insertado desde datos.sql','2022-05-02');", 1003, 1007);
2022-06-02 11:17:39 jdbc[3]: 
/**/prep213.executeUpdate();
2022-06-02 11:17:39 lock: 3 shared read lock requesting for ESTADO 
2022-06-02 11:17:39 lock: 3 shared read lock ok ESTADO 
2022-06-02 11:17:39 jdbc[3]: 
/*SQL #:1*/INSERT INTO estado (nombre, fecha_creacion) VALUES('Insertado desde datos.sql','2022-05-02');
2022-06-02 11:17:39 lock: 3 shared read lock unlock ESTADO 
2022-06-02 11:17:39 jdbc[3]: 
/**/prep213.close();
2022-06-02 11:17:39 jdbc[3]: 
/**/conn0.setClientInfo(properties);
2022-06-02 11:17:39 jdbc[3]: 
/**/conn0.getClientInfo();
2022-06-02 11:17:39 jdbc[3]: 
/**/PreparedStatement prep214 = conn0.prepareStatement("INSERT INTO estado (nombre, fecha_creacion) VALUES('Insertado desde datos.sql','2022-05-03');", 1003, 1007);
2022-06-02 11:17:39 jdbc[3]: 
/**/prep214.executeUpdate();
2022-06-02 11:17:39 lock: 3 shared read lock requesting for ESTADO 
2022-06-02 11:17:39 lock: 3 shared read lock ok ESTADO 
2022-06-02 11:17:39 jdbc[3]: 
/*SQL #:1*/INSERT INTO estado (nombre, fecha_creacion) VALUES('Insertado desde datos.sql','2022-05-03');
2022-06-02 11:17:39 lock: 3 shared read lock unlock ESTADO 
2022-06-02 11:17:39 jdbc[3]: 
/**/prep214.close();
2022-06-02 11:17:39 jdbc[3]: 
/**/conn0.setClientInfo(properties);



findAllObjetoEstado
2022-06-02 11:17:41 jdbc[3]: 
/**/conn0.getClientInfo();
2022-06-02 11:17:41 jdbc[3]: 
/**/PreparedStatement prep215 = conn0.prepareStatement("SELECT id_objeto_estado, actual, fecha_alcanzado, observaciones, id_estado, id_objeto FROM public.objeto_estado", 1003, 1007);
2022-06-02 11:17:41 jdbc[3]: Plan       : calculate cost for plan [PUBLIC.OBJETO_ESTADO]
2022-06-02 11:17:41 jdbc[3]: Plan       :   for table filter PUBLIC.OBJETO_ESTADO
2022-06-02 11:17:41 jdbc[3]: Table      :     potential plan item cost 10,380 index PUBLIC.OBJETO_ESTADO.tableScan
2022-06-02 11:17:41 jdbc[3]: Table      :     potential plan item cost 10,390 index PUBLIC.PRIMARY_KEY_4
2022-06-02 11:17:41 jdbc[3]: Table      :     potential plan item cost 20,580 index PUBLIC.FK_OBJETO_ESTADO_ID_OBJETO_INDEX_4
2022-06-02 11:17:41 jdbc[3]: Table      :     potential plan item cost 20,580 index PUBLIC.FK_OBJETO_ESTADO_ID_ESTADO_INDEX_4
2022-06-02 11:17:41 jdbc[3]: Plan       :   best plan item cost 10,380 index PUBLIC.OBJETO_ESTADO.tableScan
2022-06-02 11:17:41 jdbc[3]: Plan       : plan cost 10,381
2022-06-02 11:17:41 jdbc[3]: 
/**/ResultSet rs91 = prep215.executeQuery();
2022-06-02 11:17:41 jdbc[3]: 
/*SQL #:18 t:1*/SELECT id_objeto_estado, actual, fecha_alcanzado, observaciones, id_estado, id_objeto FROM public.objeto_estado;
2022-06-02 11:17:41 jdbc[3]: 
/**/ResultSetMetaData rsMeta118 = rs91.getMetaData();
2022-06-02 11:17:41 jdbc[3]: 
/**/conn0.getCatalog();
2022-06-02 11:17:41 jdbc[3]: 
/**/rsMeta118.getColumnCount();
2022-06-02 11:17:41 jdbc[3]: 
/**/rs91.next();
2022-06-02 11:17:41 jdbc[3]: 
/**/rsMeta118.getColumnType(1);
2022-06-02 11:17:41 jdbc[3]: 
/**/rs91.getLong(1);
2022-06-02 11:17:41 jdbc[3]: 
/**/rsMeta118.getColumnType(2);
2022-06-02 11:17:41 jdbc[3]: 
/**/rs91.getBoolean(2);
2022-06-02 11:17:41 jdbc[3]: 
/**/rsMeta118.getColumnType(3);
2022-06-02 11:17:41 jdbc[3]: 
/**/rs91.getDate(3);
2022-06-02 11:17:41 jdbc[3]: 
/**/rsMeta118.getColumnType(4);
2022-06-02 11:17:41 jdbc[3]: 
/**/rs91.getString(4);
2022-06-02 11:17:41 jdbc[3]: 
/**/rsMeta118.getColumnType(5);
2022-06-02 11:17:41 jdbc[3]: 
/**/rs91.getInt(5);
2022-06-02 11:17:41 jdbc[3]: 
/**/rs91.wasNull();
2022-06-02 11:17:41 jdbc[3]: 
/**/rsMeta118.getColumnType(6);
2022-06-02 11:17:41 jdbc[3]: 
/**/rs91.getLong(6);
2022-06-02 11:17:41 jdbc[3]: 
/**/rs91.wasNull();
2022-06-02 11:17:41 jdbc[3]: 
/**/rs91.next();
2022-06-02 11:17:41 jdbc[3]: 
/**/rs91.getLong(1);
2022-06-02 11:17:41 jdbc[3]: 
/**/rs91.getBoolean(2);
2022-06-02 11:17:41 jdbc[3]: 
/**/rs91.wasNull();
2022-06-02 11:17:41 jdbc[3]: 
/**/rs91.getDate(3);
2022-06-02 11:17:41 jdbc[3]: 
/**/rs91.getString(4);
2022-06-02 11:17:41 jdbc[3]: 
/**/rs91.getInt(5);
2022-06-02 11:17:41 jdbc[3]: 
/**/rs91.wasNull();
2022-06-02 11:17:41 jdbc[3]: 
/**/rs91.getLong(6);
2022-06-02 11:17:41 jdbc[3]: 
/**/rs91.wasNull();
2022-06-02 11:17:41 jdbc[3]: 
/**/rs91.next();
2022-06-02 11:17:41 jdbc[3]: 
/**/rs91.getLong(1);
2022-06-02 11:17:41 jdbc[3]: 
/**/rs91.getBoolean(2);
2022-06-02 11:17:41 jdbc[3]: 
/**/rs91.getDate(3);
2022-06-02 11:17:41 jdbc[3]: 
/**/rs91.getString(4);
2022-06-02 11:17:41 jdbc[3]: 
/**/rs91.getInt(5);
2022-06-02 11:17:41 jdbc[3]: 
/**/rs91.wasNull();
2022-06-02 11:17:41 jdbc[3]: 
/**/rs91.getLong(6);
2022-06-02 11:17:41 jdbc[3]: 
/**/rs91.wasNull();
2022-06-02 11:17:41 jdbc[3]: 
/**/rs91.next();
2022-06-02 11:17:41 jdbc[3]: 
/**/rs91.getLong(1);
2022-06-02 11:17:41 jdbc[3]: 
/**/rs91.getBoolean(2);
2022-06-02 11:17:41 jdbc[3]: 
/**/rs91.getDate(3);
2022-06-02 11:17:41 jdbc[3]: 
/**/rs91.getString(4);
2022-06-02 11:17:41 jdbc[3]: 
/**/rs91.getInt(5);
2022-06-02 11:17:41 jdbc[3]: 
/**/rs91.wasNull();
2022-06-02 11:17:41 jdbc[3]: 
/**/rs91.getLong(6);
2022-06-02 11:17:41 jdbc[3]: 
/**/rs91.wasNull();
2022-06-02 11:17:41 jdbc[3]: 
/**/rs91.next();
2022-06-02 11:17:41 jdbc[3]: 
/**/rs91.getLong(1);
2022-06-02 11:17:41 jdbc[3]: 
/**/rs91.getBoolean(2);
2022-06-02 11:17:41 jdbc[3]: 
/**/rs91.wasNull();
2022-06-02 11:17:41 jdbc[3]: 
/**/rs91.getDate(3);
2022-06-02 11:17:41 jdbc[3]: 
/**/rs91.getString(4);
2022-06-02 11:17:41 jdbc[3]: 
/**/rs91.getInt(5);
2022-06-02 11:17:41 jdbc[3]: 
/**/rs91.wasNull();
2022-06-02 11:17:41 jdbc[3]: 
/**/rs91.getLong(6);
2022-06-02 11:17:41 jdbc[3]: 
/**/rs91.wasNull();
2022-06-02 11:17:41 jdbc[3]: 
/**/rs91.next();
2022-06-02 11:17:41 jdbc[3]: 
/**/rs91.getLong(1);
2022-06-02 11:17:41 jdbc[3]: 
/**/rs91.getBoolean(2);
2022-06-02 11:17:41 jdbc[3]: 
/**/rs91.getDate(3);
2022-06-02 11:17:41 jdbc[3]: 
/**/rs91.getString(4);
2022-06-02 11:17:41 jdbc[3]: 
/**/rs91.getInt(5);
2022-06-02 11:17:41 jdbc[3]: 
/**/rs91.wasNull();
2022-06-02 11:17:41 jdbc[3]: 
/**/rs91.getLong(6);
2022-06-02 11:17:41 jdbc[3]: 
/**/rs91.wasNull();
2022-06-02 11:17:41 jdbc[3]: 
/**/rs91.next();
2022-06-02 11:17:41 jdbc[3]: 
/**/rs91.getLong(1);
2022-06-02 11:17:41 jdbc[3]: 
/**/rs91.getBoolean(2);
2022-06-02 11:17:41 jdbc[3]: 
/**/rs91.getDate(3);
2022-06-02 11:17:41 jdbc[3]: 
/**/rs91.getString(4);
2022-06-02 11:17:41 jdbc[3]: 
/**/rs91.getInt(5);
2022-06-02 11:17:41 jdbc[3]: 
/**/rs91.wasNull();
2022-06-02 11:17:41 jdbc[3]: 
/**/rs91.getLong(6);
2022-06-02 11:17:41 jdbc[3]: 
/**/rs91.wasNull();
2022-06-02 11:17:41 jdbc[3]: 
/**/rs91.next();
2022-06-02 11:17:41 jdbc[3]: 
/**/rs91.getLong(1);
2022-06-02 11:17:41 jdbc[3]: 
/**/rs91.getBoolean(2);
2022-06-02 11:17:41 jdbc[3]: 
/**/rs91.wasNull();
2022-06-02 11:17:41 jdbc[3]: 
/**/rs91.getDate(3);
2022-06-02 11:17:41 jdbc[3]: 
/**/rs91.getString(4);
2022-06-02 11:17:41 jdbc[3]: 
/**/rs91.getInt(5);
2022-06-02 11:17:41 jdbc[3]: 
/**/rs91.wasNull();
2022-06-02 11:17:41 jdbc[3]: 
/**/rs91.getLong(6);
2022-06-02 11:17:41 jdbc[3]: 
/**/rs91.wasNull();
2022-06-02 11:17:41 jdbc[3]: 
/**/rs91.next();
2022-06-02 11:17:41 jdbc[3]: 
/**/rs91.getLong(1);
2022-06-02 11:17:41 jdbc[3]: 
/**/rs91.getBoolean(2);
2022-06-02 11:17:41 jdbc[3]: 
/**/rs91.getDate(3);
2022-06-02 11:17:41 jdbc[3]: 
/**/rs91.getString(4);
2022-06-02 11:17:41 jdbc[3]: 
/**/rs91.getInt(5);
2022-06-02 11:17:41 jdbc[3]: 
/**/rs91.wasNull();
2022-06-02 11:17:41 jdbc[3]: 
/**/rs91.getLong(6);
2022-06-02 11:17:41 jdbc[3]: 
/**/rs91.wasNull();
2022-06-02 11:17:41 jdbc[3]: 
/**/rs91.next();
2022-06-02 11:17:41 jdbc[3]: 
/**/rs91.getLong(1);
2022-06-02 11:17:41 jdbc[3]: 
/**/rs91.getBoolean(2);
2022-06-02 11:17:41 jdbc[3]: 
/**/rs91.getDate(3);
2022-06-02 11:17:41 jdbc[3]: 
/**/rs91.getString(4);
2022-06-02 11:17:41 jdbc[3]: 
/**/rs91.getInt(5);
2022-06-02 11:17:41 jdbc[3]: 
/**/rs91.wasNull();
2022-06-02 11:17:41 jdbc[3]: 
/**/rs91.getLong(6);
2022-06-02 11:17:41 jdbc[3]: 
/**/rs91.wasNull();
2022-06-02 11:17:41 jdbc[3]: 
/**/rs91.next();
2022-06-02 11:17:41 jdbc[3]: 
/**/rs91.getLong(1);
2022-06-02 11:17:41 jdbc[3]: 
/**/rs91.getBoolean(2);
2022-06-02 11:17:41 jdbc[3]: 
/**/rs91.wasNull();
2022-06-02 11:17:41 jdbc[3]: 
/**/rs91.getDate(3);
2022-06-02 11:17:41 jdbc[3]: 
/**/rs91.getString(4);
2022-06-02 11:17:41 jdbc[3]: 
/**/rs91.getInt(5);
2022-06-02 11:17:41 jdbc[3]: 
/**/rs91.wasNull();
2022-06-02 11:17:41 jdbc[3]: 
/**/rs91.getLong(6);
2022-06-02 11:17:41 jdbc[3]: 
/**/rs91.wasNull();
2022-06-02 11:17:41 jdbc[3]: 
/**/rs91.next();
2022-06-02 11:17:41 jdbc[3]: 
/**/rs91.getLong(1);
2022-06-02 11:17:41 jdbc[3]: 
/**/rs91.getBoolean(2);
2022-06-02 11:17:41 jdbc[3]: 
/**/rs91.getDate(3);
2022-06-02 11:17:41 jdbc[3]: 
/**/rs91.getString(4);
2022-06-02 11:17:41 jdbc[3]: 
/**/rs91.getInt(5);
2022-06-02 11:17:41 jdbc[3]: 
/**/rs91.wasNull();
2022-06-02 11:17:41 jdbc[3]: 
/**/rs91.getLong(6);
2022-06-02 11:17:41 jdbc[3]: 
/**/rs91.wasNull();
2022-06-02 11:17:41 jdbc[3]: 
/**/rs91.next();
2022-06-02 11:17:41 jdbc[3]: 
/**/rs91.getLong(1);
2022-06-02 11:17:41 jdbc[3]: 
/**/rs91.getBoolean(2);
2022-06-02 11:17:41 jdbc[3]: 
/**/rs91.getDate(3);
2022-06-02 11:17:41 jdbc[3]: 
/**/rs91.getString(4);
2022-06-02 11:17:41 jdbc[3]: 
/**/rs91.getInt(5);
2022-06-02 11:17:41 jdbc[3]: 
/**/rs91.wasNull();
2022-06-02 11:17:41 jdbc[3]: 
/**/rs91.getLong(6);
2022-06-02 11:17:41 jdbc[3]: 
/**/rs91.wasNull();
2022-06-02 11:17:41 jdbc[3]: 
/**/rs91.next();
2022-06-02 11:17:41 jdbc[3]: 
/**/rs91.getLong(1);
2022-06-02 11:17:41 jdbc[3]: 
/**/rs91.getBoolean(2);
2022-06-02 11:17:41 jdbc[3]: 
/**/rs91.wasNull();
2022-06-02 11:17:41 jdbc[3]: 
/**/rs91.getDate(3);
2022-06-02 11:17:41 jdbc[3]: 
/**/rs91.getString(4);
2022-06-02 11:17:41 jdbc[3]: 
/**/rs91.getInt(5);
2022-06-02 11:17:41 jdbc[3]: 
/**/rs91.wasNull();
2022-06-02 11:17:41 jdbc[3]: 
/**/rs91.getLong(6);
2022-06-02 11:17:41 jdbc[3]: 
/**/rs91.wasNull();
2022-06-02 11:17:41 jdbc[3]: 
/**/rs91.next();
2022-06-02 11:17:41 jdbc[3]: 
/**/rs91.getLong(1);
2022-06-02 11:17:41 jdbc[3]: 
/**/rs91.getBoolean(2);
2022-06-02 11:17:41 jdbc[3]: 
/**/rs91.getDate(3);
2022-06-02 11:17:41 jdbc[3]: 
/**/rs91.getString(4);
2022-06-02 11:17:41 jdbc[3]: 
/**/rs91.getInt(5);
2022-06-02 11:17:41 jdbc[3]: 
/**/rs91.wasNull();
2022-06-02 11:17:41 jdbc[3]: 
/**/rs91.getLong(6);
2022-06-02 11:17:41 jdbc[3]: 
/**/rs91.wasNull();
2022-06-02 11:17:41 jdbc[3]: 
/**/rs91.next();
2022-06-02 11:17:41 jdbc[3]: 
/**/rs91.getLong(1);
2022-06-02 11:17:41 jdbc[3]: 
/**/rs91.getBoolean(2);
2022-06-02 11:17:41 jdbc[3]: 
/**/rs91.getDate(3);
2022-06-02 11:17:41 jdbc[3]: 
/**/rs91.getString(4);
2022-06-02 11:17:41 jdbc[3]: 
/**/rs91.getInt(5);
2022-06-02 11:17:41 jdbc[3]: 
/**/rs91.wasNull();
2022-06-02 11:17:41 jdbc[3]: 
/**/rs91.getLong(6);
2022-06-02 11:17:41 jdbc[3]: 
/**/rs91.wasNull();
2022-06-02 11:17:41 jdbc[3]: 
/**/rs91.next();
2022-06-02 11:17:41 jdbc[3]: 
/**/rs91.getLong(1);
2022-06-02 11:17:41 jdbc[3]: 
/**/rs91.getBoolean(2);
2022-06-02 11:17:41 jdbc[3]: 
/**/rs91.wasNull();
2022-06-02 11:17:41 jdbc[3]: 
/**/rs91.getDate(3);
2022-06-02 11:17:41 jdbc[3]: 
/**/rs91.getString(4);
2022-06-02 11:17:41 jdbc[3]: 
/**/rs91.getInt(5);
2022-06-02 11:17:41 jdbc[3]: 
/**/rs91.wasNull();
2022-06-02 11:17:41 jdbc[3]: 
/**/rs91.getLong(6);
2022-06-02 11:17:41 jdbc[3]: 
/**/rs91.wasNull();
2022-06-02 11:17:41 jdbc[3]: 
/**/rs91.next();
2022-06-02 11:17:41 jdbc[3]: 
/**/rs91.getLong(1);
2022-06-02 11:17:41 jdbc[3]: 
/**/rs91.getBoolean(2);
2022-06-02 11:17:41 jdbc[3]: 
/**/rs91.getDate(3);
2022-06-02 11:17:41 jdbc[3]: 
/**/rs91.getString(4);
2022-06-02 11:17:41 jdbc[3]: 
/**/rs91.getInt(5);
2022-06-02 11:17:41 jdbc[3]: 
/**/rs91.wasNull();
2022-06-02 11:17:41 jdbc[3]: 
/**/rs91.getLong(6);
2022-06-02 11:17:41 jdbc[3]: 
/**/rs91.wasNull();
2022-06-02 11:17:41 jdbc[3]: 
/**/rs91.next();
2022-06-02 11:17:41 jdbc[3]: 
/**/rs91.close();
2022-06-02 11:17:41 jdbc[3]: 
/**/prep215.close();
2022-06-02 11:17:41 jdbc[3]: 
/**/conn0.setClientInfo(properties);
2022-06-02 11:17:41 jdbc[3]: 
/**/conn0.getClientInfo();
2022-06-02 11:17:41 jdbc[3]: 
/**/PreparedStatement prep216 = conn0.prepareStatement("SELECT COUNT(id_objeto_estado) FROM public.objeto_estado", 1003, 1007);
2022-06-02 11:17:41 jdbc[3]: Plan       : calculate cost for plan [PUBLIC.OBJETO_ESTADO]
2022-06-02 11:17:41 jdbc[3]: Plan       :   for table filter PUBLIC.OBJETO_ESTADO
2022-06-02 11:17:41 jdbc[3]: Table      :     potential plan item cost 10,380 index PUBLIC.OBJETO_ESTADO.tableScan
2022-06-02 11:17:41 jdbc[3]: Table      :     potential plan item cost 10,390 index PUBLIC.PRIMARY_KEY_4
2022-06-02 11:17:41 jdbc[3]: Table      :     potential plan item cost 20,580 index PUBLIC.FK_OBJETO_ESTADO_ID_OBJETO_INDEX_4
2022-06-02 11:17:41 jdbc[3]: Table      :     potential plan item cost 20,580 index PUBLIC.FK_OBJETO_ESTADO_ID_ESTADO_INDEX_4
2022-06-02 11:17:41 jdbc[3]: Plan       :   best plan item cost 10,380 index PUBLIC.OBJETO_ESTADO.tableScan
2022-06-02 11:17:41 jdbc[3]: Plan       : plan cost 10,381
2022-06-02 11:17:41 jdbc[3]: 
/**/ResultSet rs92 = prep216.executeQuery();
2022-06-02 11:17:41 jdbc[3]: 
/*SQL #:1*/SELECT COUNT(id_objeto_estado) FROM public.objeto_estado;
2022-06-02 11:17:41 jdbc[3]: 
/**/ResultSetMetaData rsMeta119 = rs92.getMetaData();
2022-06-02 11:17:41 jdbc[3]: 
/**/conn0.getCatalog();
2022-06-02 11:17:41 jdbc[3]: 
/**/rsMeta119.getColumnCount();
2022-06-02 11:17:41 jdbc[3]: 
/**/rs92.next();
2022-06-02 11:17:41 jdbc[3]: 
/**/rsMeta119.getColumnType(1);
2022-06-02 11:17:41 jdbc[3]: 
/**/rs92.getLong(1);
2022-06-02 11:17:41 jdbc[3]: 
/**/rs92.next();
2022-06-02 11:17:41 jdbc[3]: 
/**/rs92.close();
2022-06-02 11:17:41 jdbc[3]: 
/**/prep216.close();
2022-06-02 11:17:41 jdbc[3]: 
/**/conn0.setClientInfo(properties);



ID: 1
ID: 2
ID: 3
ID: 4
ID: 5
ID: 6
ID: 7
ID: 8
ID: 9
ID: 10
ID: 11
ID: 12
ID: 13
ID: 14
ID: 15
ID: 16
ID: 17
ID: 18



]]></system-out>
    <system-err><![CDATA[jun. 02, 2022 11:17:39 A. M. org.glassfish.hk2.classmodel.reflect.Parser awaitTermination
INFORMACIÓN: visiting unvisited references
jun. 02, 2022 11:17:39 A. M. org.glassfish.hk2.classmodel.reflect.Parser awaitTermination
INFORMACIÓN: visiting unvisited references
jun. 02, 2022 11:17:39 A. M. org.glassfish.hk2.classmodel.reflect.Parser awaitTermination
INFORMACIÓN: visiting unvisited references
jun. 02, 2022 11:17:39 A. M. org.glassfish.hk2.classmodel.reflect.Parser awaitTermination
INFORMACIÓN: visiting unvisited references
jun. 02, 2022 11:17:39 A. M. org.glassfish.hk2.classmodel.reflect.Parser awaitTermination
INFORMACIÓN: visiting unvisited references
jun. 02, 2022 11:17:39 A. M. org.glassfish.hk2.classmodel.reflect.Parser awaitTermination
INFORMACIÓN: visiting unvisited references
jun. 02, 2022 11:17:39 A. M. org.glassfish.hk2.classmodel.reflect.Parser awaitTermination
INFORMACIÓN: visiting unvisited references
jun. 02, 2022 11:17:39 A. M. org.glassfish.hk2.classmodel.reflect.Parser awaitTermination
INFORMACIÓN: visiting unvisited references
jun. 02, 2022 11:17:39 A. M. org.glassfish.hk2.classmodel.reflect.Parser awaitTermination
INFORMACIÓN: visiting unvisited references
jun. 02, 2022 11:17:39 A. M. org.glassfish.hk2.classmodel.reflect.Parser awaitTermination
INFORMACIÓN: visiting unvisited references
jun. 02, 2022 11:17:39 A. M. org.glassfish.hk2.classmodel.reflect.Parser awaitTermination
INFORMACIÓN: visiting unvisited references
jun. 02, 2022 11:17:39 A. M. org.eclipse.persistence.session./file:/tmp/gfembed4145878824635980518tmp/applications/3112e93d-7116-48db-a2c7-64ebccbbaf64/WEB-INF/classes/_Baches_PU
INFORMACIÓN: EclipseLink, version: Eclipse Persistence Services - 2.7.9.payara-p1
jun. 02, 2022 11:17:39 A. M. com.sun.logging.LogDomains getResourceBundle
INFORMACIÓN: Cannot find the resource bundle for the name com.sun.logging.enterprise.system.util for class com.sun.appserv.ClassLoaderUtil using jdk.internal.loader.ClassLoaders$AppClassLoader@3d4eac69
jun. 02, 2022 11:17:39 A. M. com.sun.appserv.ClassLoaderUtil releaseLoader
ADVERTENCIA: classloaderutil.errorReleasingLoader
java.lang.reflect.InaccessibleObjectException: Unable to make field private final java.util.ArrayList jdk.internal.loader.URLClassPath.loaders accessible: module java.base does not "opens jdk.internal.loader" to unnamed module @f2a0b8e
	at java.base/java.lang.reflect.AccessibleObject.checkCanSetAccessible(AccessibleObject.java:340)
	at java.base/java.lang.reflect.AccessibleObject.checkCanSetAccessible(AccessibleObject.java:280)
	at java.base/java.lang.reflect.Field.checkCanSetAccessible(Field.java:176)
	at java.base/java.lang.reflect.Field.setAccessible(Field.java:170)
	at com.sun.appserv.ClassLoaderUtil.getField(ClassLoaderUtil.java:308)
	at com.sun.appserv.ClassLoaderUtil.initForClosingJars(ClassLoaderUtil.java:290)
	at com.sun.appserv.ClassLoaderUtil.init(ClassLoaderUtil.java:263)
	at com.sun.appserv.ClassLoaderUtil.releaseLoader(ClassLoaderUtil.java:139)
	at com.sun.appserv.ClassLoaderUtil.releaseLoader(ClassLoaderUtil.java:111)
	at org.glassfish.web.loader.WebappClassLoader.stop(WebappClassLoader.java:2000)
	at org.glassfish.web.loader.WebappClassLoader.preDestroy(WebappClassLoader.java:1961)
	at org.glassfish.deployment.common.DeploymentContextImpl.getClassLoader(DeploymentContextImpl.java:293)
	at org.glassfish.deployment.common.DeploymentContextImpl.getClassLoader(DeploymentContextImpl.java:235)
	at com.sun.enterprise.v3.server.ApplicationLifecycle.prepare(ApplicationLifecycle.java:561)
	at org.glassfish.deployment.admin.DeployCommand.execute(DeployCommand.java:588)
	at com.sun.enterprise.v3.admin.CommandRunnerImpl$2$1.run(CommandRunnerImpl.java:556)
	at com.sun.enterprise.v3.admin.CommandRunnerImpl$2$1.run(CommandRunnerImpl.java:552)
	at java.base/java.security.AccessController.doPrivileged(Native Method)
	at java.base/javax.security.auth.Subject.doAs(Subject.java:361)
	at com.sun.enterprise.v3.admin.CommandRunnerImpl$2.execute(CommandRunnerImpl.java:551)
	at com.sun.enterprise.v3.admin.CommandRunnerImpl$3.run(CommandRunnerImpl.java:582)
	at com.sun.enterprise.v3.admin.CommandRunnerImpl$3.run(CommandRunnerImpl.java:574)
	at java.base/java.security.AccessController.doPrivileged(Native Method)
	at java.base/javax.security.auth.Subject.doAs(Subject.java:361)
	at com.sun.enterprise.v3.admin.CommandRunnerImpl.doCommand(CommandRunnerImpl.java:573)
	at com.sun.enterprise.v3.admin.CommandRunnerImpl.doCommand(CommandRunnerImpl.java:1497)
	at com.sun.enterprise.v3.admin.CommandRunnerImpl.access$1300(CommandRunnerImpl.java:120)
	at com.sun.enterprise.v3.admin.CommandRunnerImpl$ExecutionContext.execute(CommandRunnerImpl.java:1879)
	at com.sun.enterprise.v3.admin.CommandRunnerImpl$ExecutionContext.execute(CommandRunnerImpl.java:1755)
	at com.sun.enterprise.admin.cli.embeddable.DeployerImpl.deploy(DeployerImpl.java:131)
	at com.sun.enterprise.admin.cli.embeddable.DeployerImpl.deploy(DeployerImpl.java:104)
	at fish.payara.arquillian.container.payara.embedded.PayaraContainer.deploy(PayaraContainer.java:236)
	at org.jboss.arquillian.container.impl.client.container.ContainerDeployController$3.call(ContainerDeployController.java:151)
	at org.jboss.arquillian.container.impl.client.container.ContainerDeployController$3.call(ContainerDeployController.java:118)
	at org.jboss.arquillian.container.impl.client.container.ContainerDeployController.executeOperation(ContainerDeployController.java:239)
	at org.jboss.arquillian.container.impl.client.container.ContainerDeployController.deploy(ContainerDeployController.java:118)
	at java.base/jdk.internal.reflect.NativeMethodAccessorImpl.invoke0(Native Method)
	at java.base/jdk.internal.reflect.NativeMethodAccessorImpl.invoke(NativeMethodAccessorImpl.java:62)
	at java.base/jdk.internal.reflect.DelegatingMethodAccessorImpl.invoke(DelegatingMethodAccessorImpl.java:43)
	at java.base/java.lang.reflect.Method.invoke(Method.java:566)
	at org.jboss.arquillian.core.impl.ObserverImpl.invoke(ObserverImpl.java:86)
	at org.jboss.arquillian.core.impl.EventContextImpl.invokeObservers(EventContextImpl.java:103)
	at org.jboss.arquillian.core.impl.EventContextImpl.proceed(EventContextImpl.java:90)
	at org.jboss.arquillian.container.impl.client.ContainerDeploymentContextHandler.createDeploymentContext(ContainerDeploymentContextHandler.java:71)
	at java.base/jdk.internal.reflect.NativeMethodAccessorImpl.invoke0(Native Method)
	at java.base/jdk.internal.reflect.NativeMethodAccessorImpl.invoke(NativeMethodAccessorImpl.java:62)
	at java.base/jdk.internal.reflect.DelegatingMethodAccessorImpl.invoke(DelegatingMethodAccessorImpl.java:43)
	at java.base/java.lang.reflect.Method.invoke(Method.java:566)
	at org.jboss.arquillian.core.impl.ObserverImpl.invoke(ObserverImpl.java:86)
	at org.jboss.arquillian.core.impl.EventContextImpl.proceed(EventContextImpl.java:95)
	at org.jboss.arquillian.container.impl.client.ContainerDeploymentContextHandler.createContainerContext(ContainerDeploymentContextHandler.java:54)
	at java.base/jdk.internal.reflect.NativeMethodAccessorImpl.invoke0(Native Method)
	at java.base/jdk.internal.reflect.NativeMethodAccessorImpl.invoke(NativeMethodAccessorImpl.java:62)
	at java.base/jdk.internal.reflect.DelegatingMethodAccessorImpl.invoke(DelegatingMethodAccessorImpl.java:43)
	at java.base/java.lang.reflect.Method.invoke(Method.java:566)
	at org.jboss.arquillian.core.impl.ObserverImpl.invoke(ObserverImpl.java:86)
	at org.jboss.arquillian.core.impl.EventContextImpl.proceed(EventContextImpl.java:95)
	at org.jboss.arquillian.container.impl.client.container.DeploymentExceptionHandler.verifyExpectedExceptionDuringDeploy(DeploymentExceptionHandler.java:47)
	at java.base/jdk.internal.reflect.NativeMethodAccessorImpl.invoke0(Native Method)
	at java.base/jdk.internal.reflect.NativeMethodAccessorImpl.invoke(NativeMethodAccessorImpl.java:62)
	at java.base/jdk.internal.reflect.DelegatingMethodAccessorImpl.invoke(DelegatingMethodAccessorImpl.java:43)
	at java.base/java.lang.reflect.Method.invoke(Method.java:566)
	at org.jboss.arquillian.core.impl.ObserverImpl.invoke(ObserverImpl.java:86)
	at org.jboss.arquillian.core.impl.EventContextImpl.proceed(EventContextImpl.java:95)
	at org.jboss.arquillian.core.impl.ManagerImpl.fire(ManagerImpl.java:133)
	at org.jboss.arquillian.core.impl.ManagerImpl.fire(ManagerImpl.java:105)
	at org.jboss.arquillian.core.impl.EventImpl.fire(EventImpl.java:62)
	at org.jboss.arquillian.container.impl.client.container.ContainerDeployController$1.perform(ContainerDeployController.java:92)
	at org.jboss.arquillian.container.impl.client.container.ContainerDeployController$1.perform(ContainerDeployController.java:77)
	at org.jboss.arquillian.container.impl.client.container.ContainerDeployController.forEachDeployment(ContainerDeployController.java:232)
	at org.jboss.arquillian.container.impl.client.container.ContainerDeployController.forEachManagedDeployment(ContainerDeployController.java:212)
	at org.jboss.arquillian.container.impl.client.container.ContainerDeployController.deployManaged(ContainerDeployController.java:77)
	at java.base/jdk.internal.reflect.NativeMethodAccessorImpl.invoke0(Native Method)
	at java.base/jdk.internal.reflect.NativeMethodAccessorImpl.invoke(NativeMethodAccessorImpl.java:62)
	at java.base/jdk.internal.reflect.DelegatingMethodAccessorImpl.invoke(DelegatingMethodAccessorImpl.java:43)
	at java.base/java.lang.reflect.Method.invoke(Method.java:566)
	at org.jboss.arquillian.core.impl.ObserverImpl.invoke(ObserverImpl.java:86)
	at org.jboss.arquillian.core.impl.EventContextImpl.invokeObservers(EventContextImpl.java:103)
	at org.jboss.arquillian.core.impl.EventContextImpl.proceed(EventContextImpl.java:90)
	at org.jboss.arquillian.core.impl.ManagerImpl.fire(ManagerImpl.java:133)
	at org.jboss.arquillian.core.impl.ManagerImpl.fire(ManagerImpl.java:105)
	at org.jboss.arquillian.core.impl.EventImpl.fire(EventImpl.java:62)
	at org.jboss.arquillian.container.test.impl.client.ContainerEventController.execute(ContainerEventController.java:96)
	at java.base/jdk.internal.reflect.NativeMethodAccessorImpl.invoke0(Native Method)
	at java.base/jdk.internal.reflect.NativeMethodAccessorImpl.invoke(NativeMethodAccessorImpl.java:62)
	at java.base/jdk.internal.reflect.DelegatingMethodAccessorImpl.invoke(DelegatingMethodAccessorImpl.java:43)
	at java.base/java.lang.reflect.Method.invoke(Method.java:566)
	at org.jboss.arquillian.core.impl.ObserverImpl.invoke(ObserverImpl.java:86)
	at org.jboss.arquillian.core.impl.EventContextImpl.invokeObservers(EventContextImpl.java:103)
	at org.jboss.arquillian.core.impl.EventContextImpl.proceed(EventContextImpl.java:90)
	at org.jboss.arquillian.test.impl.TestContextHandler.createClassContext(TestContextHandler.java:83)
	at jdk.internal.reflect.GeneratedMethodAccessor74.invoke(Unknown Source)
	at java.base/jdk.internal.reflect.DelegatingMethodAccessorImpl.invoke(DelegatingMethodAccessorImpl.java:43)
	at java.base/java.lang.reflect.Method.invoke(Method.java:566)
	at org.jboss.arquillian.core.impl.ObserverImpl.invoke(ObserverImpl.java:86)
	at org.jboss.arquillian.core.impl.EventContextImpl.proceed(EventContextImpl.java:95)
	at org.jboss.arquillian.test.impl.TestContextHandler.createSuiteContext(TestContextHandler.java:69)
	at jdk.internal.reflect.GeneratedMethodAccessor73.invoke(Unknown Source)
	at java.base/jdk.internal.reflect.DelegatingMethodAccessorImpl.invoke(DelegatingMethodAccessorImpl.java:43)
	at java.base/java.lang.reflect.Method.invoke(Method.java:566)
	at org.jboss.arquillian.core.impl.ObserverImpl.invoke(ObserverImpl.java:86)
	at org.jboss.arquillian.core.impl.EventContextImpl.proceed(EventContextImpl.java:95)
	at org.jboss.arquillian.core.impl.ManagerImpl.fire(ManagerImpl.java:133)
	at org.jboss.arquillian.core.impl.ManagerImpl.fire(ManagerImpl.java:105)
	at org.jboss.arquillian.test.impl.EventTestRunnerAdaptor.beforeClass(EventTestRunnerAdaptor.java:89)
	at org.jboss.arquillian.junit5.ArquillianExtension.beforeAll(ArquillianExtension.java:35)
	at org.junit.jupiter.engine.descriptor.ClassBasedTestDescriptor.lambda$invokeBeforeAllCallbacks$7(ClassBasedTestDescriptor.java:359)
	at org.junit.platform.engine.support.hierarchical.ThrowableCollector.execute(ThrowableCollector.java:73)
	at org.junit.jupiter.engine.descriptor.ClassBasedTestDescriptor.invokeBeforeAllCallbacks(ClassBasedTestDescriptor.java:359)
	at org.junit.jupiter.engine.descriptor.ClassBasedTestDescriptor.before(ClassBasedTestDescriptor.java:189)
	at org.junit.jupiter.engine.descriptor.ClassBasedTestDescriptor.before(ClassBasedTestDescriptor.java:78)
	at org.junit.platform.engine.support.hierarchical.NodeTestTask.lambda$executeRecursively$5(NodeTestTask.java:132)
	at org.junit.platform.engine.support.hierarchical.ThrowableCollector.execute(ThrowableCollector.java:73)
	at org.junit.platform.engine.support.hierarchical.NodeTestTask.lambda$executeRecursively$7(NodeTestTask.java:125)
	at org.junit.platform.engine.support.hierarchical.Node.around(Node.java:135)
	at org.junit.platform.engine.support.hierarchical.NodeTestTask.lambda$executeRecursively$8(NodeTestTask.java:123)
	at org.junit.platform.engine.support.hierarchical.ThrowableCollector.execute(ThrowableCollector.java:73)
	at org.junit.platform.engine.support.hierarchical.NodeTestTask.executeRecursively(NodeTestTask.java:122)
	at org.junit.platform.engine.support.hierarchical.NodeTestTask.execute(NodeTestTask.java:80)
	at java.base/java.util.ArrayList.forEach(ArrayList.java:1541)
	at org.junit.platform.engine.support.hierarchical.SameThreadHierarchicalTestExecutorService.invokeAll(SameThreadHierarchicalTestExecutorService.java:38)
	at org.junit.platform.engine.support.hierarchical.NodeTestTask.lambda$executeRecursively$5(NodeTestTask.java:139)
	at org.junit.platform.engine.support.hierarchical.ThrowableCollector.execute(ThrowableCollector.java:73)
	at org.junit.platform.engine.support.hierarchical.NodeTestTask.lambda$executeRecursively$7(NodeTestTask.java:125)
	at org.junit.platform.engine.support.hierarchical.Node.around(Node.java:135)
	at org.junit.platform.engine.support.hierarchical.NodeTestTask.lambda$executeRecursively$8(NodeTestTask.java:123)
	at org.junit.platform.engine.support.hierarchical.ThrowableCollector.execute(ThrowableCollector.java:73)
	at org.junit.platform.engine.support.hierarchical.NodeTestTask.executeRecursively(NodeTestTask.java:122)
	at org.junit.platform.engine.support.hierarchical.NodeTestTask.execute(NodeTestTask.java:80)
	at org.junit.platform.engine.support.hierarchical.SameThreadHierarchicalTestExecutorService.submit(SameThreadHierarchicalTestExecutorService.java:32)
	at org.junit.platform.engine.support.hierarchical.HierarchicalTestExecutor.execute(HierarchicalTestExecutor.java:57)
	at org.junit.platform.engine.support.hierarchical.HierarchicalTestEngine.execute(HierarchicalTestEngine.java:51)
	at org.junit.platform.launcher.core.DefaultLauncher.execute(DefaultLauncher.java:248)
	at org.junit.platform.launcher.core.DefaultLauncher.lambda$execute$5(DefaultLauncher.java:211)
	at org.junit.platform.launcher.core.DefaultLauncher.withInterceptedStreams(DefaultLauncher.java:226)
	at org.junit.platform.launcher.core.DefaultLauncher.execute(DefaultLauncher.java:199)
	at org.junit.platform.launcher.core.DefaultLauncher.execute(DefaultLauncher.java:132)
	at org.apache.maven.surefire.junitplatform.JUnitPlatformProvider.execute(JUnitPlatformProvider.java:188)
	at org.apache.maven.surefire.junitplatform.JUnitPlatformProvider.invokeAllTests(JUnitPlatformProvider.java:154)
	at org.apache.maven.surefire.junitplatform.JUnitPlatformProvider.invoke(JUnitPlatformProvider.java:128)
	at org.apache.maven.surefire.booter.ForkedBooter.runSuitesInProcess(ForkedBooter.java:428)
	at org.apache.maven.surefire.booter.ForkedBooter.execute(ForkedBooter.java:162)
	at org.apache.maven.surefire.booter.ForkedBooter.run(ForkedBooter.java:562)
	at org.apache.maven.surefire.booter.ForkedBooter.main(ForkedBooter.java:548)

jun. 02, 2022 11:17:39 A. M. com.sun.ejb.containers.BaseContainer initializeHome
INFORMACIÓN: Portable JNDI names for EJB ObjetoEstadoBean: [java:global/3112e93d-7116-48db-a2c7-64ebccbbaf64/ObjetoEstadoBean, java:global/3112e93d-7116-48db-a2c7-64ebccbbaf64/ObjetoEstadoBean!com.mycompany.baches.control.ObjetoEstadoBean]
jun. 02, 2022 11:17:40 A. M. fish.payara.micro.cdi.extension.ClusteredCDIEventBusImpl postConstruct
INFORMACIÓN: Clustered CDI Event bus initialized
jun. 02, 2022 11:17:40 A. M. org.glassfish.soteria.servlet.SamRegistrationInstaller onStartup
INFORMACIÓN: Initializing Soteria null for context '/3112e93d-7116-48db-a2c7-64ebccbbaf64'
jun. 02, 2022 11:17:41 A. M. com.sun.enterprise.web.WebApplication start
INFORMACIÓN: Loading application [3112e93d-7116-48db-a2c7-64ebccbbaf64] at [/3112e93d-7116-48db-a2c7-64ebccbbaf64]
jun. 02, 2022 11:17:41 A. M. org.glassfish.deployment.admin.DeployCommand execute
INFORMACIÓN: 3112e93d-7116-48db-a2c7-64ebccbbaf64 was successfully deployed in 2,275 milliseconds.
]]></system-err>
  </testcase>
  <testcase name="testModificar" classname="com.mycompany.baches.resources.ObjetoEstadoResourceIT" time="0.163">
    <system-out><![CDATA[


Modificar TipoObjeto
2022-06-02 11:17:41 jdbc[3]: 
/**/conn0.getClientInfo();
2022-06-02 11:17:41 jdbc[3]: 
/**/conn0.setAutoCommit(false);
2022-06-02 11:17:41 jdbc[3]: 
/**/PreparedStatement prep217 = conn0.prepareStatement("INSERT INTO public.objeto_estado (actual, fecha_alcanzado, observaciones, id_estado, id_objeto) VALUES (?, ?, ?, ?, ?)", 1003, 1007);
2022-06-02 11:17:41 jdbc[3]: 
/**/prep217.setBoolean(1, false);
2022-06-02 11:17:41 jdbc[3]: 
/**/prep217.setDate(2, Date.valueOf("2022-06-02"));
2022-06-02 11:17:41 jdbc[3]: 
/**/prep217.setNull(3, 12);
2022-06-02 11:17:41 jdbc[3]: 
/**/prep217.setNull(4, 4);
2022-06-02 11:17:41 jdbc[3]: 
/**/prep217.setNull(5, -5);
2022-06-02 11:17:41 jdbc[3]: 
/**/prep217.executeUpdate();
2022-06-02 11:17:41 lock: 3 shared read lock requesting for OBJETO_ESTADO 
2022-06-02 11:17:41 lock: 3 shared read lock ok OBJETO_ESTADO 
2022-06-02 11:17:41 jdbc[3]: 
/*SQL l:118 #:1 t:11*/INSERT INTO public.objeto_estado (actual, fecha_alcanzado, observaciones, id_estado, id_objeto) VALUES (?, ?, ?, ?, ?) {1: FALSE, 2: DATE '2022-06-02', 3: NULL, 4: NULL, 5: NULL};
2022-06-02 11:17:41 jdbc[3]: 
/**/prep217.close();
2022-06-02 11:17:41 jdbc[3]: 
/**/PreparedStatement prep218 = conn0.prepareStatement("CALL IDENTITY()", 1003, 1007);
2022-06-02 11:17:41 jdbc[3]: 
/**/ResultSet rs93 = prep218.executeQuery();
2022-06-02 11:17:41 jdbc[3]: 
/*SQL #:1*/CALL IDENTITY();
2022-06-02 11:17:41 jdbc[3]: 
/**/ResultSetMetaData rsMeta120 = rs93.getMetaData();
2022-06-02 11:17:41 jdbc[3]: 
/**/conn0.getCatalog();
2022-06-02 11:17:41 jdbc[3]: 
/**/rsMeta120.getColumnCount();
2022-06-02 11:17:41 jdbc[3]: 
/**/rsMeta120.getColumnCount();
2022-06-02 11:17:41 jdbc[3]: 
/**/rsMeta120.getColumnLabel(1);
2022-06-02 11:17:41 jdbc[3]: 
/**/rsMeta120.getColumnCount();
2022-06-02 11:17:41 jdbc[3]: 
/**/ResultSetMetaData rsMeta121 = rs93.getMetaData();
2022-06-02 11:17:41 jdbc[3]: 
/**/conn0.getCatalog();
2022-06-02 11:17:41 jdbc[3]: 
/**/rsMeta121.getColumnCount();
2022-06-02 11:17:41 jdbc[3]: 
/**/rs93.next();
2022-06-02 11:17:41 jdbc[3]: 
/**/rsMeta121.getColumnType(1);
2022-06-02 11:17:41 jdbc[3]: 
/**/rs93.getObject(1);
2022-06-02 11:17:41 jdbc[3]: 
/**/rs93.next();
2022-06-02 11:17:41 jdbc[3]: 
/**/rs93.close();
2022-06-02 11:17:41 jdbc[3]: 
/**/prep218.close();
2022-06-02 11:17:41 jdbc[3]: 
/**/conn0.setClientInfo(properties);
2022-06-02 11:17:41 jdbc[3]: 
/**/conn0.commit();
2022-06-02 11:17:41 lock: 3 shared read lock unlock OBJETO_ESTADO 
2022-06-02 11:17:41 jdbc[3]: 
/*SQL */COMMIT;
2022-06-02 11:17:41 jdbc[3]: 
/**/conn0.setAutoCommit(true);
2022-06-02 11:17:41 jdbc[3]: 
/**/conn0.commit();
2022-06-02 11:17:41 jdbc[3]: 
/*SQL */COMMIT;



Modificado {"actual":false,"fechaAlcanzado":"2022-06-02T17:17:41.367Z[UTC]"}



]]></system-out>
  </testcase>
  <testcase name="testCrear" classname="com.mycompany.baches.resources.ObjetoEstadoResourceIT" time="0.135">
    <system-out><![CDATA[


Crear TipoObjeto
2022-06-02 11:17:41 jdbc[3]: 
/**/conn0.getClientInfo();
2022-06-02 11:17:41 jdbc[3]: 
/**/conn0.setAutoCommit(false);
2022-06-02 11:17:41 jdbc[3]: 
/**/PreparedStatement prep219 = conn0.prepareStatement("INSERT INTO public.objeto_estado (actual, fecha_alcanzado, observaciones, id_estado, id_objeto) VALUES (?, ?, ?, ?, ?)", 1003, 1007);
2022-06-02 11:17:41 jdbc[3]: 
/**/prep219.setBoolean(1, true);
2022-06-02 11:17:41 jdbc[3]: 
/**/prep219.setDate(2, Date.valueOf("2022-06-02"));
2022-06-02 11:17:41 jdbc[3]: 
/**/prep219.setString(3, "nuevoRegistro");
2022-06-02 11:17:41 jdbc[3]: 
/**/prep219.setNull(4, 4);
2022-06-02 11:17:41 jdbc[3]: 
/**/prep219.setNull(5, -5);
2022-06-02 11:17:41 jdbc[3]: 
/**/prep219.executeUpdate();
2022-06-02 11:17:41 lock: 3 shared read lock requesting for OBJETO_ESTADO 
2022-06-02 11:17:41 lock: 3 shared read lock ok OBJETO_ESTADO 
2022-06-02 11:17:41 jdbc[3]: 
/*SQL l:118 #:1 t:4*/INSERT INTO public.objeto_estado (actual, fecha_alcanzado, observaciones, id_estado, id_objeto) VALUES (?, ?, ?, ?, ?) {1: TRUE, 2: DATE '2022-06-02', 3: 'nuevoRegistro', 4: NULL, 5: NULL};
2022-06-02 11:17:41 jdbc[3]: 
/**/prep219.close();
2022-06-02 11:17:41 jdbc[3]: 
/**/PreparedStatement prep220 = conn0.prepareStatement("CALL IDENTITY()", 1003, 1007);
2022-06-02 11:17:41 jdbc[3]: 
/**/ResultSet rs94 = prep220.executeQuery();
2022-06-02 11:17:41 jdbc[3]: 
/*SQL #:1*/CALL IDENTITY();
2022-06-02 11:17:41 jdbc[3]: 
/**/ResultSetMetaData rsMeta122 = rs94.getMetaData();
2022-06-02 11:17:41 jdbc[3]: 
/**/conn0.getCatalog();
2022-06-02 11:17:41 jdbc[3]: 
/**/rsMeta122.getColumnCount();
2022-06-02 11:17:41 jdbc[3]: 
/**/rsMeta122.getColumnCount();
2022-06-02 11:17:41 jdbc[3]: 
/**/rsMeta122.getColumnLabel(1);
2022-06-02 11:17:41 jdbc[3]: 
/**/rsMeta122.getColumnCount();
2022-06-02 11:17:41 jdbc[3]: 
/**/ResultSetMetaData rsMeta123 = rs94.getMetaData();
2022-06-02 11:17:41 jdbc[3]: 
/**/conn0.getCatalog();
2022-06-02 11:17:41 jdbc[3]: 
/**/rsMeta123.getColumnCount();
2022-06-02 11:17:41 jdbc[3]: 
/**/rs94.next();
2022-06-02 11:17:41 jdbc[3]: 
/**/rsMeta123.getColumnType(1);
2022-06-02 11:17:41 jdbc[3]: 
/**/rs94.getObject(1);
2022-06-02 11:17:41 jdbc[3]: 
/**/rs94.next();
2022-06-02 11:17:41 jdbc[3]: 
/**/rs94.close();
2022-06-02 11:17:41 jdbc[3]: 
/**/prep220.close();
2022-06-02 11:17:41 jdbc[3]: 
/**/conn0.setClientInfo(properties);
2022-06-02 11:17:41 jdbc[3]: 
/**/conn0.commit();
2022-06-02 11:17:41 lock: 3 shared read lock unlock OBJETO_ESTADO 
2022-06-02 11:17:41 jdbc[3]: 
/*SQL */COMMIT;
2022-06-02 11:17:41 jdbc[3]: 
/**/conn0.setAutoCommit(true);
2022-06-02 11:17:41 jdbc[3]: 
/**/conn0.commit();
2022-06-02 11:17:41 jdbc[3]: 
/*SQL */COMMIT;



Creado {"actual":true,"fechaAlcanzado":"2022-06-02T17:17:41.532Z[UTC]","idObjetoEstado":20,"observaciones":"nuevoRegistro"}



]]></system-out>
  </testcase>
  <testcase name="testEliminar" classname="com.mycompany.baches.resources.ObjetoEstadoResourceIT" time="0.104">
    <system-out><![CDATA[


Eliminar TipoObjeto
2022-06-02 11:17:41 jdbc[3]: 
/**/conn0.getClientInfo();
2022-06-02 11:17:41 jdbc[3]: 
/**/conn0.setAutoCommit(false);
2022-06-02 11:17:41 jdbc[3]: 
/**/PreparedStatement prep221 = conn0.prepareStatement("DELETE FROM public.objeto_estado WHERE (id_objeto_estado = ?)", 1003, 1007);
2022-06-02 11:17:41 jdbc[3]: Table      :     potential plan item cost 10,400 index PUBLIC.OBJETO_ESTADO.tableScan
2022-06-02 11:17:41 jdbc[3]: Table      :     potential plan item cost 230 index PUBLIC.PRIMARY_KEY_4
2022-06-02 11:17:41 jdbc[3]: Table      :     potential plan item cost 10,220 index PUBLIC.FK_OBJETO_ESTADO_ID_OBJETO_INDEX_4
2022-06-02 11:17:41 jdbc[3]: Table      :     potential plan item cost 10,220 index PUBLIC.FK_OBJETO_ESTADO_ID_ESTADO_INDEX_4
2022-06-02 11:17:41 jdbc[3]: 
/**/prep221.setLong(1, 3L);
2022-06-02 11:17:41 jdbc[3]: 
/**/prep221.executeUpdate();
2022-06-02 11:17:41 lock: 3 shared read lock requesting for OBJETO_ESTADO 
2022-06-02 11:17:41 lock: 3 shared read lock ok OBJETO_ESTADO 
2022-06-02 11:17:41 jdbc[3]: 
/*SQL l:61 #:1*/DELETE FROM public.objeto_estado WHERE (id_objeto_estado = ?) {1: 3};
2022-06-02 11:17:41 jdbc[3]: 
/**/prep221.close();
2022-06-02 11:17:41 jdbc[3]: 
/**/conn0.setClientInfo(properties);
2022-06-02 11:17:41 jdbc[3]: 
/**/conn0.commit();
2022-06-02 11:17:41 lock: 3 shared read lock unlock OBJETO_ESTADO 
2022-06-02 11:17:41 jdbc[3]: 
/*SQL */COMMIT;
2022-06-02 11:17:41 jdbc[3]: 
/**/conn0.setAutoCommit(true);
2022-06-02 11:17:41 jdbc[3]: 
/**/conn0.commit();
2022-06-02 11:17:41 jdbc[3]: 
/*SQL */COMMIT;



ID:3 eliminado con exito



]]></system-out>
  </testcase>
</testsuite>